[12:09:35] [Server thread/INFO]: Starting minecraft server version 1.7.9
[12:09:35] [Server thread/WARN]: To start the server with more ram, launch it as "java -Xmx1024M -Xms1024M -jar minecraft_server.jar"
[12:09:35] [Server thread/INFO]: Loading properties
[12:09:35] [Server thread/WARN]: server.properties does not exist
[12:09:35] [Server thread/INFO]: Generating new properties file
[12:09:36] [Server thread/INFO]: Default game type: SURVIVAL
[12:09:37] [Server thread/INFO]: This server is running CraftBukkit version git-Spigot-1438 (MC: 1.7.9) (Implementing API version 1.7.9-R0.1-SNAPSHOT)
[12:09:38] [Server thread/WARN]: Failed to load user banlist: 
java.io.FileNotFoundException: banned-players.json (No such file or directory)
	at java.io.FileInputStream.open(Native Method) ~[?:1.8.0]
	at java.io.FileInputStream.<init>(FileInputStream.java:131) ~[?:1.8.0]
	at net.minecraft.util.com.google.common.io.Files.newReader(Files.java:86) ~[spigot.jar:git-Spigot-1438]
	at net.minecraft.server.v1_7_R3.JsonList.load(JsonList.java:147) ~[spigot.jar:git-Spigot-1438]
	at net.minecraft.server.v1_7_R3.DedicatedPlayerList.y(SourceFile:99) [spigot.jar:git-Spigot-1438]
	at net.minecraft.server.v1_7_R3.DedicatedPlayerList.<init>(SourceFile:25) [spigot.jar:git-Spigot-1438]
	at net.minecraft.server.v1_7_R3.DedicatedServer.init(DedicatedServer.java:113) [spigot.jar:git-Spigot-1438]
	at net.minecraft.server.v1_7_R3.MinecraftServer.run(MinecraftServer.java:450) [spigot.jar:git-Spigot-1438]
	at net.minecraft.server.v1_7_R3.ThreadServerApplication.run(SourceFile:628) [spigot.jar:git-Spigot-1438]
[12:09:38] [Server thread/WARN]: Failed to load ip banlist: 
java.io.FileNotFoundException: banned-ips.json (No such file or directory)
	at java.io.FileInputStream.open(Native Method) ~[?:1.8.0]
	at java.io.FileInputStream.<init>(FileInputStream.java:131) ~[?:1.8.0]
	at net.minecraft.util.com.google.common.io.Files.newReader(Files.java:86) ~[spigot.jar:git-Spigot-1438]
	at net.minecraft.server.v1_7_R3.JsonList.load(JsonList.java:147) ~[spigot.jar:git-Spigot-1438]
	at net.minecraft.server.v1_7_R3.DedicatedPlayerList.x(SourceFile:91) [spigot.jar:git-Spigot-1438]
	at net.minecraft.server.v1_7_R3.DedicatedPlayerList.<init>(SourceFile:27) [spigot.jar:git-Spigot-1438]
	at net.minecraft.server.v1_7_R3.DedicatedServer.init(DedicatedServer.java:113) [spigot.jar:git-Spigot-1438]
	at net.minecraft.server.v1_7_R3.MinecraftServer.run(MinecraftServer.java:450) [spigot.jar:git-Spigot-1438]
	at net.minecraft.server.v1_7_R3.ThreadServerApplication.run(SourceFile:628) [spigot.jar:git-Spigot-1438]
[12:09:38] [Server thread/WARN]: Failed to load operators list: 
java.io.FileNotFoundException: ops.json (No such file or directory)
	at java.io.FileInputStream.open(Native Method) ~[?:1.8.0]
	at java.io.FileInputStream.<init>(FileInputStream.java:131) ~[?:1.8.0]
	at net.minecraft.util.com.google.common.io.Files.newReader(Files.java:86) ~[spigot.jar:git-Spigot-1438]
	at net.minecraft.server.v1_7_R3.JsonList.load(JsonList.java:147) ~[spigot.jar:git-Spigot-1438]
	at net.minecraft.server.v1_7_R3.DedicatedPlayerList.z(SourceFile:107) [spigot.jar:git-Spigot-1438]
	at net.minecraft.server.v1_7_R3.DedicatedPlayerList.<init>(SourceFile:29) [spigot.jar:git-Spigot-1438]
	at net.minecraft.server.v1_7_R3.DedicatedServer.init(DedicatedServer.java:113) [spigot.jar:git-Spigot-1438]
	at net.minecraft.server.v1_7_R3.MinecraftServer.run(MinecraftServer.java:450) [spigot.jar:git-Spigot-1438]
	at net.minecraft.server.v1_7_R3.ThreadServerApplication.run(SourceFile:628) [spigot.jar:git-Spigot-1438]
[12:09:38] [Server thread/WARN]: Failed to load white-list: 
java.io.FileNotFoundException: whitelist.json (No such file or directory)
	at java.io.FileInputStream.open(Native Method) ~[?:1.8.0]
	at java.io.FileInputStream.<init>(FileInputStream.java:131) ~[?:1.8.0]
	at net.minecraft.util.com.google.common.io.Files.newReader(Files.java:86) ~[spigot.jar:git-Spigot-1438]
	at net.minecraft.server.v1_7_R3.JsonList.load(JsonList.java:147) ~[spigot.jar:git-Spigot-1438]
	at net.minecraft.server.v1_7_R3.DedicatedPlayerList.B(SourceFile:123) [spigot.jar:git-Spigot-1438]
	at net.minecraft.server.v1_7_R3.DedicatedPlayerList.<init>(SourceFile:30) [spigot.jar:git-Spigot-1438]
	at net.minecraft.server.v1_7_R3.DedicatedServer.init(DedicatedServer.java:113) [spigot.jar:git-Spigot-1438]
	at net.minecraft.server.v1_7_R3.MinecraftServer.run(MinecraftServer.java:450) [spigot.jar:git-Spigot-1438]
	at net.minecraft.server.v1_7_R3.ThreadServerApplication.run(SourceFile:628) [spigot.jar:git-Spigot-1438]
[12:09:38] [Server thread/INFO]: Using 4 threads for Netty based IO
[12:09:38] [Server thread/INFO]: Server Ping Player Sample Count: 12
[12:09:39] [Server thread/INFO]: Generating keypair
[12:09:40] [Server thread/INFO]: Starting Minecraft server on *:25565
[12:09:42] [Server thread/INFO]: **** Beginning UUID conversion, this may take A LONG time ****
[12:09:42] [Server thread/INFO]: Preparing level "world"
[12:09:42] [Server thread/INFO]: -------- World Settings For [world] --------
[12:09:42] [Server thread/INFO]: Cactus Growth Modifier: 100%
[12:09:42] [Server thread/INFO]: Cane Growth Modifier: 100%
[12:09:42] [Server thread/INFO]: Melon Growth Modifier: 100%
[12:09:42] [Server thread/INFO]: Mushroom Growth Modifier: 100%
[12:09:42] [Server thread/INFO]: Pumpkin Growth Modifier: 100%
[12:09:42] [Server thread/INFO]: Sapling Growth Modifier: 100%
[12:09:42] [Server thread/INFO]: Wheat Growth Modifier: 100%
[12:09:42] [Server thread/INFO]: Entity Activation Range: An 32 / Mo 32 / Mi 16
[12:09:42] [Server thread/INFO]: Entity Tracking Range: Pl 48 / An 48 / Mo 48 / Mi 32 / Other 64
[12:09:43] [Server thread/INFO]: Hopper Transfer: 8 Hopper Check: 8 Hopper Amount: 1
[12:09:43] [Server thread/INFO]: Random Lighting Updates: false
[12:09:43] [Server thread/INFO]: Structure Info Saving: true
[12:09:43] [Server thread/INFO]: Sending up to 5 chunks per packet
[12:09:43] [Server thread/INFO]: Anti X-Ray: true
[12:09:43] [Server thread/INFO]: 	Engine Mode: 1
[12:09:43] [Server thread/INFO]: 	Hidden Blocks: [14, 15, 16, 21, 48, 49, 54, 56, 73, 74, 82, 129, 130]
[12:09:43] [Server thread/INFO]: 	Replace Blocks: [1, 5]
[12:09:43] [Server thread/INFO]: Max Entity Collisions: 8
[12:09:43] [Server thread/INFO]: Zombie Aggressive Towards Villager: true
[12:09:43] [Server thread/INFO]: Item Despawn Rate: 6000
[12:09:43] [Server thread/INFO]: Item Merge Radius: 2.5
[12:09:43] [Server thread/INFO]: Arrow Despawn Rate: 1200
[12:09:43] [Server thread/INFO]: Allow Zombie Pigmen to spawn from portal blocks: true
[12:09:43] [Server thread/INFO]: Nerfing mobs spawned from spawners: false
[12:09:43] [Server thread/INFO]: Chunks to Grow per Tick: 650
[12:09:43] [Server thread/INFO]: Clear tick list: false
[12:09:43] [Server thread/INFO]: Experience Merge Radius: 3.0
[12:09:43] [Server thread/INFO]: Mob Spawn Range: 4
[12:09:43] [Server thread/INFO]: View Distance: 10
[12:09:46] [Server thread/INFO]: -------- World Settings For [world_nether] --------
[12:09:46] [Server thread/INFO]: Cactus Growth Modifier: 100%
[12:09:46] [Server thread/INFO]: Cane Growth Modifier: 100%
[12:09:46] [Server thread/INFO]: Melon Growth Modifier: 100%
[12:09:46] [Server thread/INFO]: Mushroom Growth Modifier: 100%
[12:09:46] [Server thread/INFO]: Pumpkin Growth Modifier: 100%
[12:09:46] [Server thread/INFO]: Sapling Growth Modifier: 100%
[12:09:46] [Server thread/INFO]: Wheat Growth Modifier: 100%
[12:09:46] [Server thread/INFO]: Entity Activation Range: An 32 / Mo 32 / Mi 16
[12:09:46] [Server thread/INFO]: Entity Tracking Range: Pl 48 / An 48 / Mo 48 / Mi 32 / Other 64
[12:09:46] [Server thread/INFO]: Hopper Transfer: 8 Hopper Check: 8 Hopper Amount: 1
[12:09:46] [Server thread/INFO]: Random Lighting Updates: false
[12:09:46] [Server thread/INFO]: Structure Info Saving: true
[12:09:46] [Server thread/INFO]: Sending up to 5 chunks per packet
[12:09:46] [Server thread/INFO]: Anti X-Ray: true
[12:09:46] [Server thread/INFO]: 	Engine Mode: 1
[12:09:46] [Server thread/INFO]: 	Hidden Blocks: [14, 15, 16, 21, 48, 49, 54, 56, 73, 74, 82, 129, 130]
[12:09:46] [Server thread/INFO]: 	Replace Blocks: [1, 5]
[12:09:46] [Server thread/INFO]: Max Entity Collisions: 8
[12:09:46] [Server thread/INFO]: Zombie Aggressive Towards Villager: true
[12:09:46] [Server thread/INFO]: Item Despawn Rate: 6000
[12:09:46] [Server thread/INFO]: Item Merge Radius: 2.5
[12:09:46] [Server thread/INFO]: Arrow Despawn Rate: 1200
[12:09:46] [Server thread/INFO]: Allow Zombie Pigmen to spawn from portal blocks: true
[12:09:46] [Server thread/INFO]: Nerfing mobs spawned from spawners: false
[12:09:46] [Server thread/INFO]: Chunks to Grow per Tick: 650
[12:09:46] [Server thread/INFO]: Clear tick list: false
[12:09:46] [Server thread/INFO]: Experience Merge Radius: 3.0
[12:09:46] [Server thread/INFO]: Mob Spawn Range: 4
[12:09:46] [Server thread/INFO]: View Distance: 10
[12:09:46] [Server thread/INFO]: -------- World Settings For [world_the_end] --------
[12:09:46] [Server thread/INFO]: Cactus Growth Modifier: 100%
[12:09:46] [Server thread/INFO]: Cane Growth Modifier: 100%
[12:09:46] [Server thread/INFO]: Melon Growth Modifier: 100%
[12:09:46] [Server thread/INFO]: Mushroom Growth Modifier: 100%
[12:09:46] [Server thread/INFO]: Pumpkin Growth Modifier: 100%
[12:09:46] [Server thread/INFO]: Sapling Growth Modifier: 100%
[12:09:46] [Server thread/INFO]: Wheat Growth Modifier: 100%
[12:09:46] [Server thread/INFO]: Entity Activation Range: An 32 / Mo 32 / Mi 16
[12:09:46] [Server thread/INFO]: Entity Tracking Range: Pl 48 / An 48 / Mo 48 / Mi 32 / Other 64
[12:09:46] [Server thread/INFO]: Hopper Transfer: 8 Hopper Check: 8 Hopper Amount: 1
[12:09:46] [Server thread/INFO]: Random Lighting Updates: false
[12:09:46] [Server thread/INFO]: Structure Info Saving: true
[12:09:46] [Server thread/INFO]: Sending up to 5 chunks per packet
[12:09:46] [Server thread/INFO]: Anti X-Ray: true
[12:09:46] [Server thread/INFO]: 	Engine Mode: 1
[12:09:46] [Server thread/INFO]: 	Hidden Blocks: [14, 15, 16, 21, 48, 49, 54, 56, 73, 74, 82, 129, 130]
[12:09:46] [Server thread/INFO]: 	Replace Blocks: [1, 5]
[12:09:46] [Server thread/INFO]: Max Entity Collisions: 8
[12:09:46] [Server thread/INFO]: Zombie Aggressive Towards Villager: true
[12:09:46] [Server thread/INFO]: Item Despawn Rate: 6000
[12:09:47] [Server thread/INFO]: Item Merge Radius: 2.5
[12:09:47] [Server thread/INFO]: Arrow Despawn Rate: 1200
[12:09:47] [Server thread/INFO]: Allow Zombie Pigmen to spawn from portal blocks: true
[12:09:47] [Server thread/INFO]: Nerfing mobs spawned from spawners: false
[12:09:47] [Server thread/INFO]: Chunks to Grow per Tick: 650
[12:09:47] [Server thread/INFO]: Clear tick list: false
[12:09:47] [Server thread/INFO]: Experience Merge Radius: 3.0
[12:09:47] [Server thread/INFO]: Mob Spawn Range: 4
[12:09:47] [Server thread/INFO]: View Distance: 10
[12:09:47] [Server thread/INFO]: Preparing start region for level 0 (Seed: -5944159957822897146)
[12:09:48] [Server thread/INFO]: Preparing spawn area: 0%
[12:09:49] [Server thread/INFO]: Preparing spawn area: 1%
[12:09:50] [Server thread/INFO]: Preparing spawn area: 1%
[12:09:51] [Server thread/INFO]: Preparing spawn area: 2%
[12:09:52] [Server thread/INFO]: Preparing spawn area: 3%
[12:09:53] [Server thread/INFO]: Preparing spawn area: 4%
[12:09:54] [Server thread/INFO]: Preparing spawn area: 4%
[12:09:55] [Server thread/INFO]: Preparing spawn area: 5%
[12:09:56] [Server thread/INFO]: Preparing spawn area: 5%
[12:09:58] [Server thread/INFO]: Preparing spawn area: 6%
[12:09:59] [Server thread/INFO]: Preparing spawn area: 6%
[12:10:00] [Server thread/INFO]: Preparing spawn area: 7%
[12:10:01] [Server thread/INFO]: Preparing spawn area: 8%
[12:10:02] [Server thread/INFO]: Preparing spawn area: 8%
[12:10:03] [Server thread/INFO]: Preparing spawn area: 9%
[12:10:05] [Server thread/INFO]: Preparing spawn area: 9%
[12:10:06] [Server thread/INFO]: Preparing spawn area: 10%
[12:10:07] [Server thread/INFO]: Preparing spawn area: 11%
[12:10:08] [Server thread/INFO]: Preparing spawn area: 11%
[12:10:10] [Server thread/INFO]: Preparing spawn area: 12%
[12:10:11] [Server thread/INFO]: Preparing spawn area: 13%
[12:10:12] [Server thread/INFO]: Preparing spawn area: 13%
[12:10:13] [Server thread/INFO]: Preparing spawn area: 14%
[12:10:14] [Server thread/INFO]: Preparing spawn area: 14%
[12:10:16] [Server thread/INFO]: Preparing spawn area: 14%
[12:10:17] [Server thread/INFO]: Preparing spawn area: 15%
[12:10:19] [Server thread/INFO]: Preparing spawn area: 16%
[12:10:20] [Server thread/INFO]: Preparing spawn area: 16%
[12:10:21] [Server thread/INFO]: Preparing spawn area: 17%
[12:10:22] [Server thread/INFO]: Preparing spawn area: 17%
[12:10:23] [Server thread/INFO]: Preparing spawn area: 18%
[12:10:25] [Server thread/INFO]: Preparing spawn area: 19%
[12:10:26] [Server thread/INFO]: Preparing spawn area: 19%
[12:10:27] [Server thread/INFO]: Preparing spawn area: 20%
[12:10:28] [Server thread/INFO]: Preparing spawn area: 20%
[12:10:30] [Server thread/INFO]: Preparing spawn area: 21%
[12:10:31] [Server thread/INFO]: Preparing spawn area: 21%
[12:10:32] [Server thread/INFO]: Preparing spawn area: 22%
[12:10:33] [Server thread/INFO]: Preparing spawn area: 23%
[12:10:34] [Server thread/INFO]: Preparing spawn area: 23%
[12:10:35] [Server thread/INFO]: Preparing spawn area: 24%
[12:10:36] [Server thread/INFO]: Preparing spawn area: 24%
[12:10:38] [Server thread/INFO]: Preparing spawn area: 25%
[12:10:39] [Server thread/INFO]: Preparing spawn area: 25%
[12:10:40] [Server thread/INFO]: Preparing spawn area: 26%
[12:10:41] [Server thread/INFO]: Preparing spawn area: 27%
[12:10:42] [Server thread/INFO]: Preparing spawn area: 27%
[12:10:43] [Server thread/INFO]: Preparing spawn area: 28%
[12:10:45] [Server thread/INFO]: Preparing spawn area: 28%
[12:10:46] [Server thread/INFO]: Preparing spawn area: 29%
[12:10:47] [Server thread/INFO]: Preparing spawn area: 29%
[12:10:49] [Server thread/INFO]: Preparing spawn area: 30%
[12:10:50] [Server thread/INFO]: Preparing spawn area: 31%
[12:10:51] [Server thread/INFO]: Preparing spawn area: 31%
[12:10:52] [Server thread/INFO]: Preparing spawn area: 32%
[12:10:53] [Server thread/INFO]: Preparing spawn area: 32%
[12:10:55] [Server thread/INFO]: Preparing spawn area: 33%
[12:10:56] [Server thread/INFO]: Preparing spawn area: 34%
[12:10:57] [Server thread/INFO]: Preparing spawn area: 34%
[12:10:58] [Server thread/INFO]: Preparing spawn area: 34%
[12:10:59] [Server thread/INFO]: Preparing spawn area: 35%
[12:11:01] [Server thread/INFO]: Preparing spawn area: 35%
[12:11:02] [Server thread/INFO]: Preparing spawn area: 36%
[12:11:03] [Server thread/INFO]: Preparing spawn area: 37%
[12:11:05] [Server thread/INFO]: Preparing spawn area: 37%
[12:11:06] [Server thread/INFO]: Preparing spawn area: 38%
[12:11:07] [Server thread/INFO]: Preparing spawn area: 38%
[12:11:08] [Server thread/INFO]: Preparing spawn area: 39%
[12:11:09] [Server thread/INFO]: Preparing spawn area: 39%
[12:11:10] [Server thread/INFO]: Preparing spawn area: 40%
[12:11:12] [Server thread/INFO]: Preparing spawn area: 41%
[12:11:13] [Server thread/INFO]: Preparing spawn area: 41%
[12:11:14] [Server thread/INFO]: Preparing spawn area: 42%
[12:11:15] [Server thread/INFO]: Preparing spawn area: 42%
[12:11:16] [Server thread/INFO]: Preparing spawn area: 43%
[12:11:17] [Server thread/INFO]: Preparing spawn area: 43%
[12:11:18] [Server thread/INFO]: Preparing spawn area: 44%
[12:11:20] [Server thread/INFO]: Preparing spawn area: 44%
[12:11:21] [Server thread/INFO]: Preparing spawn area: 45%
[12:11:22] [Server thread/INFO]: Preparing spawn area: 46%
[12:11:23] [Server thread/INFO]: Preparing spawn area: 46%
[12:11:24] [Server thread/INFO]: Preparing spawn area: 47%
[12:11:26] [Server thread/INFO]: Preparing spawn area: 47%
[12:11:27] [Server thread/INFO]: Preparing spawn area: 48%
[12:11:28] [Server thread/INFO]: Preparing spawn area: 48%
[12:11:29] [Server thread/INFO]: Preparing spawn area: 49%
[12:11:30] [Server thread/INFO]: Preparing spawn area: 49%
[12:11:31] [Server thread/INFO]: Preparing spawn area: 50%
[12:11:32] [Server thread/INFO]: Preparing spawn area: 51%
[12:11:33] [Server thread/INFO]: Preparing spawn area: 51%
[12:11:35] [Server thread/INFO]: Preparing spawn area: 52%
[12:11:36] [Server thread/INFO]: Preparing spawn area: 52%
[12:11:37] [Server thread/INFO]: Preparing spawn area: 53%
[12:11:38] [Server thread/INFO]: Preparing spawn area: 53%
[12:11:39] [Server thread/INFO]: Preparing spawn area: 54%
[12:11:40] [Server thread/INFO]: Preparing spawn area: 54%
[12:11:41] [Server thread/INFO]: Preparing spawn area: 55%
[12:11:42] [Server thread/INFO]: Preparing spawn area: 56%
[12:11:44] [Server thread/INFO]: Preparing spawn area: 56%
[12:11:45] [Server thread/INFO]: Preparing spawn area: 57%
[12:11:46] [Server thread/INFO]: Preparing spawn area: 57%
[12:11:47] [Server thread/INFO]: Preparing spawn area: 58%
[12:11:49] [Server thread/INFO]: Preparing spawn area: 58%
[12:11:50] [Server thread/INFO]: Preparing spawn area: 59%
[12:11:51] [Server thread/INFO]: Preparing spawn area: 59%
[12:11:52] [Server thread/INFO]: Preparing spawn area: 60%
[12:11:53] [Server thread/INFO]: Preparing spawn area: 60%
[12:11:55] [Server thread/INFO]: Preparing spawn area: 61%
[12:11:56] [Server thread/INFO]: Preparing spawn area: 61%
[12:11:57] [Server thread/INFO]: Preparing spawn area: 62%
[12:11:59] [Server thread/INFO]: Preparing spawn area: 62%
[12:12:00] [Server thread/INFO]: Preparing spawn area: 63%
[12:12:01] [Server thread/INFO]: Preparing spawn area: 63%
[12:12:02] [Server thread/INFO]: Preparing spawn area: 64%
[12:12:03] [Server thread/INFO]: Preparing spawn area: 64%
[12:12:04] [Server thread/INFO]: Preparing spawn area: 65%
[12:12:05] [Server thread/INFO]: Preparing spawn area: 65%
[12:12:06] [Server thread/INFO]: Preparing spawn area: 66%
[12:12:08] [Server thread/INFO]: Preparing spawn area: 67%
[12:12:09] [Server thread/INFO]: Preparing spawn area: 67%
[12:12:10] [Server thread/INFO]: Preparing spawn area: 68%
[12:12:11] [Server thread/INFO]: Preparing spawn area: 68%
[12:12:12] [Server thread/INFO]: Preparing spawn area: 69%
[12:12:13] [Server thread/INFO]: Preparing spawn area: 69%
[12:12:14] [Server thread/INFO]: Preparing spawn area: 70%
[12:12:15] [Server thread/INFO]: Preparing spawn area: 71%
[12:12:17] [Server thread/INFO]: Preparing spawn area: 71%
[12:12:18] [Server thread/INFO]: Preparing spawn area: 72%
[12:12:19] [Server thread/INFO]: Preparing spawn area: 72%
[12:12:20] [Server thread/INFO]: Preparing spawn area: 73%
[12:12:21] [Server thread/INFO]: Preparing spawn area: 74%
[12:12:23] [Server thread/INFO]: Preparing spawn area: 74%
[12:12:24] [Server thread/INFO]: Preparing spawn area: 75%
[12:12:25] [Server thread/INFO]: Preparing spawn area: 75%
[12:12:26] [Server thread/INFO]: Preparing spawn area: 76%
[12:12:27] [Server thread/INFO]: Preparing spawn area: 77%
[12:12:28] [Server thread/INFO]: Preparing spawn area: 77%
[12:12:29] [Server thread/INFO]: Preparing spawn area: 78%
[12:12:31] [Server thread/INFO]: Preparing spawn area: 78%
[12:12:32] [Server thread/INFO]: Preparing spawn area: 79%
[12:12:33] [Server thread/INFO]: Preparing spawn area: 80%
[12:12:34] [Server thread/INFO]: Preparing spawn area: 80%
[12:12:35] [Server thread/INFO]: Preparing spawn area: 81%
[12:12:36] [Server thread/INFO]: Preparing spawn area: 81%
[12:12:37] [Server thread/INFO]: Preparing spawn area: 82%
[12:12:39] [Server thread/INFO]: Preparing spawn area: 82%
[12:12:40] [Server thread/INFO]: Preparing spawn area: 83%
[12:12:41] [Server thread/INFO]: Preparing spawn area: 83%
[12:12:42] [Server thread/INFO]: Preparing spawn area: 84%
[12:12:43] [Server thread/INFO]: Preparing spawn area: 85%
[12:12:44] [Server thread/INFO]: Preparing spawn area: 85%
[12:12:46] [Server thread/INFO]: Preparing spawn area: 86%
[12:12:47] [Server thread/INFO]: Preparing spawn area: 87%
[12:12:48] [Server thread/INFO]: Preparing spawn area: 87%
[12:12:49] [Server thread/INFO]: Preparing spawn area: 88%
[12:12:50] [Server thread/INFO]: Preparing spawn area: 88%
[12:12:52] [Server thread/INFO]: Preparing spawn area: 89%
[12:12:53] [Server thread/INFO]: Preparing spawn area: 89%
[12:12:54] [Server thread/INFO]: Preparing spawn area: 90%
[12:12:55] [Server thread/INFO]: Preparing spawn area: 90%
[12:12:56] [Server thread/INFO]: Preparing spawn area: 91%
[12:12:57] [Server thread/INFO]: Preparing spawn area: 91%
[12:12:58] [Server thread/INFO]: Preparing spawn area: 92%
[12:12:59] [Server thread/INFO]: Preparing spawn area: 92%
[12:13:00] [Server thread/INFO]: Preparing spawn area: 93%
[12:13:02] [Server thread/INFO]: Preparing spawn area: 94%
[12:13:03] [Server thread/INFO]: Preparing spawn area: 94%
[12:13:04] [Server thread/INFO]: Preparing spawn area: 95%
[12:13:06] [Server thread/INFO]: Preparing spawn area: 95%
[12:13:07] [Server thread/INFO]: Preparing spawn area: 96%
[12:13:08] [Server thread/INFO]: Preparing spawn area: 96%
[12:13:09] [Server thread/INFO]: Preparing spawn area: 97%
[12:13:10] [Server thread/INFO]: Preparing spawn area: 98%
[12:13:11] [Server thread/INFO]: Preparing spawn area: 98%
[12:13:13] [Server thread/INFO]: Preparing spawn area: 99%
[12:13:14] [Server thread/INFO]: Preparing spawn area: 99%
[12:13:14] [Server thread/INFO]: Preparing start region for level 1 (Seed: -5944159957822897146)
[12:13:15] [Server thread/INFO]: Preparing spawn area: 0%
[12:13:17] [Server thread/INFO]: Preparing spawn area: 1%
[12:13:18] [Server thread/INFO]: Preparing spawn area: 2%
[12:13:19] [Server thread/INFO]: Preparing spawn area: 3%
[12:13:20] [Server thread/INFO]: Preparing spawn area: 4%
[12:13:21] [Server thread/INFO]: Preparing spawn area: 5%
[12:13:22] [Server thread/INFO]: Preparing spawn area: 6%
[12:13:23] [Server thread/INFO]: Preparing spawn area: 7%
[12:13:24] [Server thread/INFO]: Preparing spawn area: 8%
[12:13:26] [Server thread/INFO]: Preparing spawn area: 9%
[12:13:27] [Server thread/INFO]: Preparing spawn area: 10%
[12:13:28] [Server thread/INFO]: Preparing spawn area: 11%
[12:13:29] [Server thread/INFO]: Preparing spawn area: 11%
[12:13:30] [Server thread/INFO]: Preparing spawn area: 12%
[12:13:31] [Server thread/INFO]: Preparing spawn area: 13%
[12:13:32] [Server thread/INFO]: Preparing spawn area: 14%
[12:13:34] [Server thread/INFO]: Preparing spawn area: 14%
[12:13:35] [Server thread/INFO]: Preparing spawn area: 15%
[12:13:36] [Server thread/INFO]: Preparing spawn area: 16%
[12:13:38] [Server thread/INFO]: Preparing spawn area: 17%
[12:13:39] [Server thread/INFO]: Preparing spawn area: 18%
[12:13:40] [Server thread/INFO]: Preparing spawn area: 19%
[12:13:41] [Server thread/INFO]: Preparing spawn area: 20%
[12:13:42] [Server thread/INFO]: Preparing spawn area: 20%
[12:13:46] [Server thread/INFO]: Preparing spawn area: 21%
[12:13:48] [Server thread/INFO]: Preparing spawn area: 22%
[12:13:49] [Server thread/INFO]: Preparing spawn area: 22%
[12:13:52] [Server thread/INFO]: Preparing spawn area: 23%
[12:13:53] [Server thread/INFO]: Preparing spawn area: 24%
[12:13:54] [Server thread/INFO]: Preparing spawn area: 25%
[12:13:55] [Server thread/INFO]: Preparing spawn area: 26%
[12:13:56] [Server thread/INFO]: Preparing spawn area: 27%
[12:13:58] [Server thread/INFO]: Preparing spawn area: 28%
[12:13:59] [Server thread/INFO]: Preparing spawn area: 29%
[12:14:01] [Server thread/INFO]: Preparing spawn area: 30%
[12:14:02] [Server thread/INFO]: Preparing spawn area: 31%
[12:14:03] [Server thread/INFO]: Preparing spawn area: 32%
[12:14:08] [Server thread/INFO]: Preparing spawn area: 32%
[12:14:09] [Server thread/INFO]: Preparing spawn area: 33%
[12:14:10] [Server thread/INFO]: Preparing spawn area: 34%
[12:14:14] [Server thread/INFO]: Preparing spawn area: 34%
[12:14:15] [Server thread/INFO]: Preparing spawn area: 35%
[12:14:16] [Server thread/INFO]: Preparing spawn area: 36%
[12:14:17] [Server thread/INFO]: Preparing spawn area: 37%
[12:14:19] [Server thread/INFO]: Preparing spawn area: 38%
[12:14:20] [Server thread/INFO]: Preparing spawn area: 38%
[12:14:23] [Server thread/INFO]: Preparing spawn area: 38%
[12:14:24] [Server thread/INFO]: Preparing spawn area: 39%
[12:14:25] [Server thread/INFO]: Preparing spawn area: 40%
[12:14:27] [Server thread/INFO]: Preparing spawn area: 41%
[12:14:32] [Server thread/INFO]: Preparing spawn area: 41%
[12:14:33] [Server thread/INFO]: Preparing spawn area: 43%
[12:14:34] [Server thread/INFO]: Preparing spawn area: 44%
[12:14:35] [Server thread/INFO]: Preparing spawn area: 45%
[12:14:36] [Server thread/INFO]: Preparing spawn area: 46%
[12:14:38] [Server thread/INFO]: Preparing spawn area: 47%
[12:14:44] [Server thread/INFO]: Preparing spawn area: 48%
[12:14:45] [Server thread/INFO]: Preparing spawn area: 49%
[12:14:46] [Server thread/INFO]: Preparing spawn area: 50%
[12:14:47] [Server thread/INFO]: Preparing spawn area: 50%
[12:14:48] [Server thread/INFO]: Preparing spawn area: 51%
[12:14:49] [Server thread/INFO]: Preparing spawn area: 52%
[12:14:55] [Server thread/INFO]: Preparing spawn area: 53%
[12:14:56] [Server thread/INFO]: Preparing spawn area: 54%
[12:14:58] [Server thread/INFO]: Preparing spawn area: 55%
[12:14:59] [Server thread/INFO]: Preparing spawn area: 56%
[12:15:05] [Server thread/INFO]: Preparing spawn area: 56%
[12:15:06] [Server thread/INFO]: Preparing spawn area: 58%
[12:15:07] [Server thread/INFO]: Preparing spawn area: 59%
[12:15:08] [Server thread/INFO]: Preparing spawn area: 60%
[12:15:09] [Server thread/INFO]: Preparing spawn area: 61%
[12:15:10] [Server thread/INFO]: Preparing spawn area: 62%
[12:15:11] [Server thread/INFO]: Preparing spawn area: 63%
[12:15:13] [Server thread/INFO]: Preparing spawn area: 64%
[12:15:14] [Server thread/INFO]: Preparing spawn area: 65%
[12:15:15] [Server thread/INFO]: Preparing spawn area: 66%
[12:15:17] [Server thread/INFO]: Preparing spawn area: 66%
[12:15:19] [Server thread/INFO]: Preparing spawn area: 66%
[12:15:20] [Server thread/INFO]: Preparing spawn area: 67%
[12:15:21] [Server thread/INFO]: Preparing spawn area: 68%
[12:15:22] [Server thread/INFO]: Preparing spawn area: 69%
[12:15:23] [Server thread/INFO]: Preparing spawn area: 69%
[12:15:24] [Server thread/INFO]: Preparing spawn area: 71%
[12:15:29] [Server thread/INFO]: Preparing spawn area: 71%
[12:15:30] [Server thread/INFO]: Preparing spawn area: 72%
[12:15:31] [Server thread/INFO]: Preparing spawn area: 72%
[12:15:32] [Server thread/INFO]: Preparing spawn area: 73%
[12:15:33] [Server thread/INFO]: Preparing spawn area: 74%
[12:15:35] [Server thread/INFO]: Preparing spawn area: 74%
[12:15:36] [Server thread/INFO]: Preparing spawn area: 76%
[12:15:37] [Server thread/INFO]: Preparing spawn area: 77%
[12:15:38] [Server thread/INFO]: Preparing spawn area: 78%
[12:15:39] [Server thread/INFO]: Preparing spawn area: 78%
[12:15:41] [Server thread/INFO]: Preparing spawn area: 79%
[12:15:42] [Server thread/INFO]: Preparing spawn area: 80%
[12:15:43] [Server thread/INFO]: Preparing spawn area: 80%
[12:15:46] [Server thread/INFO]: Preparing spawn area: 81%
[12:15:47] [Server thread/INFO]: Preparing spawn area: 81%
[12:15:48] [Server thread/INFO]: Preparing spawn area: 82%
[12:15:50] [Server thread/INFO]: Preparing spawn area: 83%
[12:15:51] [Server thread/INFO]: Preparing spawn area: 84%
[12:15:53] [Server thread/INFO]: Preparing spawn area: 84%
[12:15:54] [Server thread/INFO]: Preparing spawn area: 85%
[12:15:55] [Server thread/INFO]: Preparing spawn area: 86%
[12:15:56] [Server thread/INFO]: Preparing spawn area: 86%
[12:15:58] [Server thread/INFO]: Preparing spawn area: 87%
[12:16:03] [Server thread/INFO]: Preparing spawn area: 87%
[12:16:09] [Server thread/INFO]: Preparing spawn area: 87%
[12:16:11] [Server thread/INFO]: Preparing spawn area: 88%
[12:16:12] [Server thread/INFO]: Preparing spawn area: 89%
[12:16:13] [Server thread/INFO]: Preparing spawn area: 90%
[12:16:17] [Server thread/INFO]: Preparing spawn area: 91%
[12:16:18] [Server thread/INFO]: Preparing spawn area: 92%
[12:16:20] [Server thread/INFO]: Preparing spawn area: 93%
[12:16:21] [Server thread/INFO]: Preparing spawn area: 94%
[12:16:29] [Server thread/INFO]: Preparing spawn area: 95%
[12:16:35] [Server thread/INFO]: Preparing spawn area: 96%
[12:16:36] [Server thread/INFO]: Preparing spawn area: 97%
[12:16:37] [Server thread/INFO]: Preparing spawn area: 97%
[12:16:38] [Server thread/INFO]: Preparing spawn area: 98%
[12:16:39] [Server thread/INFO]: Preparing spawn area: 99%
[12:16:40] [Server thread/INFO]: Preparing start region for level 2 (Seed: -5944159957822897146)
[12:16:41] [Server thread/INFO]: Preparing spawn area: 4%
[12:16:42] [Server thread/INFO]: Preparing spawn area: 9%
[12:16:43] [Server thread/INFO]: Preparing spawn area: 14%
[12:16:44] [Server thread/INFO]: Preparing spawn area: 19%
[12:16:45] [Server thread/INFO]: Preparing spawn area: 23%
[12:16:46] [Server thread/INFO]: Preparing spawn area: 27%
[12:16:47] [Server thread/INFO]: Preparing spawn area: 31%
[12:16:48] [Server thread/INFO]: Preparing spawn area: 35%
[12:16:49] [Server thread/INFO]: Preparing spawn area: 39%
[12:16:50] [Server thread/INFO]: Preparing spawn area: 43%
[12:16:51] [Server thread/INFO]: Preparing spawn area: 46%
[12:16:52] [Server thread/INFO]: Preparing spawn area: 50%
[12:16:53] [Server thread/INFO]: Preparing spawn area: 54%
[12:16:54] [Server thread/INFO]: Preparing spawn area: 57%
[12:16:55] [Server thread/INFO]: Preparing spawn area: 61%
[12:16:56] [Server thread/INFO]: Preparing spawn area: 65%
[12:16:57] [Server thread/INFO]: Preparing spawn area: 69%
[12:16:58] [Server thread/INFO]: Preparing spawn area: 73%
[12:16:59] [Server thread/INFO]: Preparing spawn area: 78%
[12:17:00] [Server thread/INFO]: Preparing spawn area: 82%
[12:17:01] [Server thread/INFO]: Preparing spawn area: 86%
[12:17:02] [Server thread/INFO]: Preparing spawn area: 91%
[12:17:03] [Server thread/INFO]: Preparing spawn area: 96%
[12:17:05] [Server thread/INFO]: Done (442.752s)! For help, type "help" or "?"
[12:19:12] [Server thread/INFO]: Unknown command. Type "/help" for help.[m
[12:19:14] [Server thread/INFO]: Unknown command. Type "/help" for help.[m
[12:19:16] [Server thread/INFO]: Unknown command. Type "/help" for help.[m
[12:19:19] [Server thread/INFO]: [0;33;1m--------- [0;37;1mHelp: Index [0;33;1m---------------------------[m
[12:19:19] [Server thread/INFO]: [0;37;22mUse /help [n] to get page n of help.[m
[12:19:19] [Server thread/INFO]: [0;33;22mAliases: [0;37;1mLists command aliases[m
[12:19:19] [Server thread/INFO]: [0;33;22mBukkit: [0;37;1mAll commands for Bukkit[m
[12:19:19] [Server thread/INFO]: [0;33;22mMinecraft: [0;37;1mAll commands for Minecraft[m
[12:19:19] [Server thread/INFO]: [0;33;22m/achievement: [0;37;1mGives the specified player an achievement or changes a statistic value. Use '*' to give all achievements.[m
[12:19:19] [Server thread/INFO]: [0;33;22m/ban: [0;37;1mPrevents the specified player from using this server[m
[12:19:19] [Server thread/INFO]: [0;33;22m/ban-ip: [0;37;1mPrevents the specified IP address from using this server[m
[12:19:19] [Server thread/INFO]: [0;33;22m/banlist: [0;37;1mView all players banned from this server[m
[12:19:19] [Server thread/INFO]: [0;33;22m/clear: [0;37;1mClears the player's inventory. Can specify item and data filters too.[m
[12:19:19] [Server thread/INFO]: [0;33;22m/defaultgamemode: [0;37;1mSet the default gamemode[m
[12:19:19] [Server thread/INFO]: [0;33;22m/deop: [0;37;1mTakes the specified player's operator status[m
[12:19:19] [Server thread/INFO]: [0;33;22m/difficulty: [0;37;1mSets the game difficulty[m
[12:19:19] [Server thread/INFO]: [0;33;22m/effect: [0;37;1mAdds/Removes effects on players[m
[12:19:19] [Server thread/INFO]: [0;33;22m/enchant: [0;37;1mAdds enchantments to the item the player is currently holding. Specify 0 for the level to remove an enchantment. Specify force to ignore normal enchantment restrictions[m
[12:19:19] [Server thread/INFO]: [0;33;22m/gamemode: [0;37;1mChanges the player to a specific game mode[m
[12:19:19] [Server thread/INFO]: [0;33;22m/gamerule: [0;37;1mSets a server's game rules[m
[12:19:19] [Server thread/INFO]: [0;33;22m/give: [0;37;1mGives the specified player a certain amount of items[m
[12:19:19] [Server thread/INFO]: [0;33;22m/help: [0;37;1mShows the help menu[m
[12:19:19] [Server thread/INFO]: [0;33;22m/kick: [0;37;1mRemoves the specified player from the server[m
[12:19:19] [Server thread/INFO]: [0;33;22m/kill: [0;37;1mCommits suicide, only usable as a player[m
[12:19:19] [Server thread/INFO]: [0;33;22m/list: [0;37;1mLists all online players[m
[12:19:19] [Server thread/INFO]: [0;33;22m/me: [0;37;1mPerforms the specified action in chat[m
[12:19:19] [Server thread/INFO]: [0;33;22m/minecraft:achievement: [0;37;1mA Mojang provided command.[m
[12:19:19] [Server thread/INFO]: [0;33;22m/minecraft:ban: [0;37;1mA Mojang provided command.[m
[12:19:19] [Server thread/INFO]: [0;33;22m/minecraft:ban-ip: [0;37;1mA Mojang provided command.[m
[12:19:19] [Server thread/INFO]: [0;33;22m/minecraft:banlist: [0;37;1mA Mojang provided command.[m
[12:19:19] [Server thread/INFO]: [0;33;22m/minecraft:clear: [0;37;1mA Mojang provided command.[m
[12:19:19] [Server thread/INFO]: [0;33;22m/minecraft:defaultgamemode: [0;37;1mA Mojang provided command.[m
[12:19:19] [Server thread/INFO]: [0;33;22m/minecraft:deop: [0;37;1mA Mojang provided command.[m
[12:19:19] [Server thread/INFO]: [0;33;22m/minecraft:difficulty: [0;37;1mA Mojang provided command.[m
[12:19:19] [Server thread/INFO]: [0;33;22m/minecraft:effect: [0;37;1mA Mojang provided command.[m
[12:19:19] [Server thread/INFO]: [0;33;22m/minecraft:enchant: [0;37;1mA Mojang provided command.[m
[12:19:19] [Server thread/INFO]: [0;33;22m/minecraft:gamemode: [0;37;1mA Mojang provided command.[m
[12:19:19] [Server thread/INFO]: [0;33;22m/minecraft:gamerule: [0;37;1mA Mojang provided command.[m
[12:19:19] [Server thread/INFO]: [0;33;22m/minecraft:give: [0;37;1mA Mojang provided command.[m
[12:19:19] [Server thread/INFO]: [0;33;22m/minecraft:help: [0;37;1mA Mojang provided command.[m
[12:19:19] [Server thread/INFO]: [0;33;22m/minecraft:kick: [0;37;1mA Mojang provided command.[m
[12:19:19] [Server thread/INFO]: [0;33;22m/minecraft:kill: [0;37;1mA Mojang provided command.[m
[12:19:19] [Server thread/INFO]: [0;33;22m/minecraft:list: [0;37;1mA Mojang provided command.[m
[12:19:19] [Server thread/INFO]: [0;33;22m/minecraft:me: [0;37;1mA Mojang provided command.[m
[12:19:19] [Server thread/INFO]: [0;33;22m/minecraft:op: [0;37;1mA Mojang provided command.[m
[12:19:19] [Server thread/INFO]: [0;33;22m/minecraft:pardon: [0;37;1mA Mojang provided command.[m
[12:19:19] [Server thread/INFO]: [0;33;22m/minecraft:pardon-ip: [0;37;1mA Mojang provided command.[m
[12:19:19] [Server thread/INFO]: [0;33;22m/minecraft:playsound: [0;37;1mA Mojang provided command.[m
[12:19:19] [Server thread/INFO]: [0;33;22m/minecraft:say: [0;37;1mA Mojang provided command.[m
[12:19:19] [Server thread/INFO]: [0;33;22m/minecraft:scoreboard: [0;37;1mA Mojang provided command.[m
[12:19:19] [Server thread/INFO]: [0;33;22m/minecraft:seed: [0;37;1mA Mojang provided command.[m
[12:19:19] [Server thread/INFO]: [0;33;22m/minecraft:setidletimeout: [0;37;1mA Mojang provided command.[m
[12:19:19] [Server thread/INFO]: [0;33;22m/minecraft:setworldspawn: [0;37;1mA Mojang provided command.[m
[12:19:19] [Server thread/INFO]: [0;33;22m/minecraft:spawnpoint: [0;37;1mA Mojang provided command.[m
[12:19:19] [Server thread/INFO]: [0;33;22m/minecraft:spreadplayers: [0;37;1mA Mojang provided command.[m
[12:19:19] [Server thread/INFO]: [0;33;22m/minecraft:tell: [0;37;1mA Mojang provided command.[m
[12:19:19] [Server thread/INFO]: [0;33;22m/minecraft:testfor: [0;37;1mA Mojang provided command.[m
[12:19:19] [Server thread/INFO]: [0;33;22m/minecraft:time: [0;37;1mA Mojang provided command.[m
[12:19:19] [Server thread/INFO]: [0;33;22m/minecraft:toggledownfall: [0;37;1mA Mojang provided command.[m
[12:19:19] [Server thread/INFO]: [0;33;22m/minecraft:tp: [0;37;1mA Mojang provided command.[m
[12:19:19] [Server thread/INFO]: [0;33;22m/minecraft:weather: [0;37;1mA Mojang provided command.[m
[12:19:19] [Server thread/INFO]: [0;33;22m/minecraft:whitelist: [0;37;1mA Mojang provided command.[m
[12:19:19] [Server thread/INFO]: [0;33;22m/minecraft:xp: [0;37;1mA Mojang provided command.[m
[12:19:19] [Server thread/INFO]: [0;33;22m/netstat: [0;37;1mA Mojang provided command.[m
[12:19:19] [Server thread/INFO]: [0;33;22m/op: [0;37;1mGives the specified player operator status[m
[12:19:19] [Server thread/INFO]: [0;33;22m/pardon: [0;37;1mAllows the specified player to use this server[m
[12:19:19] [Server thread/INFO]: [0;33;22m/pardon-ip: [0;37;1mAllows the specified IP address to use this server[m
[12:19:19] [Server thread/INFO]: [0;33;22m/playsound: [0;37;1mPlays a sound to a given player[m
[12:19:19] [Server thread/INFO]: [0;33;22m/plugins: [0;37;1mGets a list of plugins running on the server[m
[12:19:19] [Server thread/INFO]: [0;33;22m/reload: [0;37;1mReloads the server configuration and plugins[m
[12:19:19] [Server thread/INFO]: [0;33;22m/restart: [0;37;1mRestarts the server[m
[12:19:19] [Server thread/INFO]: [0;33;22m/save-all: [0;37;1mSaves the server to disk[m
[12:19:19] [Server thread/INFO]: [0;33;22m/save-off: [0;37;1mDisables server autosaving[m
[12:19:19] [Server thread/INFO]: [0;33;22m/save-on: [0;37;1mEnables server autosaving[m
[12:19:19] [Server thread/INFO]: [0;33;22m/say: [0;37;1mBroadcasts the given message as the sender[m
[12:19:19] [Server thread/INFO]: [0;33;22m/scoreboard: [0;37;1mScoreboard control[m
[12:19:19] [Server thread/INFO]: [0;33;22m/seed: [0;37;1mShows the world seed[m
[12:19:19] [Server thread/INFO]: [0;33;22m/setblock: [0;37;1mA Mojang provided command.[m
[12:19:19] [Server thread/INFO]: [0;33;22m/setidletimeout: [0;37;1mSets the server's idle timeout[m
[12:19:19] [Server thread/INFO]: [0;33;22m/setworldspawn: [0;37;1mSets a worlds's spawn point. If no coordinates are specified, the player's coordinates will be used.[m
[12:19:19] [Server thread/INFO]: [0;33;22m/spawnpoint: [0;37;1mSets a player's spawn point[m
[12:19:20] [Server thread/INFO]: [0;33;22m/spreadplayers: [0;37;1mSpreads players around a point[m
[12:19:20] [Server thread/INFO]: [0;33;22m/stop: [0;37;1mStops the server with optional reason[m
[12:19:20] [Server thread/INFO]: [0;33;22m/summon: [0;37;1mA Mojang provided command.[m
[12:19:20] [Server thread/INFO]: [0;33;22m/tell: [0;37;1mSends a private message to the given player[m
[12:19:20] [Server thread/INFO]: [0;33;22m/tellraw: [0;37;1mA Mojang provided command.[m
[12:19:20] [Server thread/INFO]: [0;33;22m/testfor: [0;37;1mTests whether a specifed player is online[m
[12:19:20] [Server thread/INFO]: [0;33;22m/testforblock: [0;37;1mA Mojang provided command.[m
[12:19:20] [Server thread/INFO]: [0;33;22m/time: [0;37;1mChanges the time on each world[m
[12:19:20] [Server thread/INFO]: [0;33;22m/timings: [0;37;1mRecords timings for all plugin events[m
[12:19:20] [Server thread/INFO]: [0;33;22m/toggledownfall: [0;37;1mToggles rain on/off on a given world[m
[12:19:20] [Server thread/INFO]: [0;33;22m/tp: [0;37;1mTeleports the given player (or yourself) to another player or coordinates[m
[12:19:20] [Server thread/INFO]: [0;33;22m/tps: [0;37;1mGets the current ticks per second for the server[m
[12:19:20] [Server thread/INFO]: [0;33;22m/version: [0;37;1mGets the version of this server including any plugins in use[m
[12:19:20] [Server thread/INFO]: [0;33;22m/weather: [0;37;1mChanges the weather[m
[12:19:20] [Server thread/INFO]: [0;33;22m/whitelist: [0;37;1mManages the list of players allowed to use this server[m
[12:19:20] [Server thread/INFO]: [0;33;22m/xp: [0;37;1mGives the specified player a certain amount of experience. Specify <amount>L to give levels instead, with a negative amount resulting in taking levels.[m
[12:19:28] [Server thread/INFO]: CONSOLE: Stopping the server..[m
[12:19:28] [Server thread/INFO]: Stopping server
[12:19:28] [Server thread/INFO]: Saving players
[12:19:28] [Server thread/INFO]: Saving worlds
[12:19:28] [Server thread/INFO]: Saving chunks for level 'world'/Overworld
[12:19:32] [Server thread/INFO]: Saving chunks for level 'world_nether'/Nether
[12:19:32] [Server thread/INFO]: Saving chunks for level 'world_the_end'/The End
[12:19:32] [Thread-4/INFO]: Stopping server
